[0;34m[INFO][0m Starting Local CI/CD Pipeline
[0;34m[INFO][0m Project: microservice-project
[0;34m[INFO][0m Git Commit: 3c4ae73
[0;34m[INFO][0m Branch: main
[0;34m[INFO][0m Timestamp: Sun Aug  3 15:21:25 +07 2025
[0;34m[INFO][0m Log file: /Users/macbookpro2017/Documents/GitHub/elotusteam-alogth/hackathon/microservice-project/.local-cicd-logs/pipeline_20250803_152125.log
[0;35m[STAGE][0m Stage 7: Performance Tests with Profiling
[0;34m[INFO][0m Running performance tests with CPU profiling...
[0;34m[INFO][0m Running: Performance tests with profiling
Command: go test -v -short -cpuprofile=/Users/macbookpro2017/Documents/GitHub/elotusteam-alogth/hackathon/microservice-project/profiles/cpu.prof -memprofile=/Users/macbookpro2017/Documents/GitHub/elotusteam-alogth/hackathon/microservice-project/profiles/mem.prof -benchmem -bench=. ./tests/performance/...
=== RUN   TestAuthenticationLoad
    load_test.go:42: Skipping load test in short mode
--- SKIP: TestAuthenticationLoad (0.00s)
=== RUN   TestFileUploadLoad
    load_test.go:73: Skipping load test in short mode
--- SKIP: TestFileUploadLoad (0.00s)
=== RUN   TestUserCreationLoad
    load_test.go:102: Skipping load test in short mode
--- SKIP: TestUserCreationLoad (0.00s)
=== RUN   TestServiceProfiling
    profiling_test.go:31: Skipping profiling test in short mode
--- SKIP: TestServiceProfiling (0.00s)
=== RUN   TestMemoryLeakDetection
    profiling_test.go:89: Skipping memory leak test in short mode
--- SKIP: TestMemoryLeakDetection (0.00s)
=== RUN   TestGoroutineLeakDetection
    profiling_test.go:133: Skipping goroutine leak test in short mode
--- SKIP: TestGoroutineLeakDetection (0.00s)
=== RUN   TestCPUUsageUnderLoad
    profiling_test.go:178: Skipping CPU usage test in short mode
--- SKIP: TestCPUUsageUnderLoad (0.00s)
goos: darwin
goarch: amd64
pkg: github.com/elotusteam/microservice-project/tests/performance
cpu: Intel(R) Core(TM) i7-7700HQ CPU @ 2.80GHz
BenchmarkPasswordHashing
BenchmarkPasswordHashing/Cost10
BenchmarkPasswordHashing/Cost10-8 	      13	  83692636 ns/op	    6935 B/op	      11 allocs/op
BenchmarkPasswordHashing/Cost11
BenchmarkPasswordHashing/Cost11-8 	       6	 169104443 ns/op	    7601 B/op	      10 allocs/op
BenchmarkPasswordHashing/Cost12
BenchmarkPasswordHashing/Cost12-8 	       3	 353234435 ns/op	   11066 B/op	      12 allocs/op
BenchmarkPasswordVerification
BenchmarkPasswordVerification-8   	      13	  86603345 ns/op	    8136 B/op	      12 allocs/op
BenchmarkJSONMarshaling
BenchmarkJSONMarshaling-8         	  445718	      2592 ns/op	     544 B/op	      10 allocs/op
BenchmarkJSONUnmarshaling
BenchmarkJSONUnmarshaling-8       	  210501	      5725 ns/op	     856 B/op	      31 allocs/op
BenchmarkMemoryAllocation
BenchmarkMemoryAllocation/Size1024B
BenchmarkMemoryAllocation/Size1024B-8         	 3336675	       344.8 ns/op	    1024 B/op	       1 allocs/op
BenchmarkMemoryAllocation/Size4096B
BenchmarkMemoryAllocation/Size4096B-8         	  910578	      1279 ns/op	    4096 B/op	       1 allocs/op
BenchmarkMemoryAllocation/Size16384B
BenchmarkMemoryAllocation/Size16384B-8        	  311470	      4097 ns/op	   16384 B/op	       1 allocs/op
BenchmarkMemoryAllocation/Size65536B
BenchmarkMemoryAllocation/Size65536B-8        	   87763	     13131 ns/op	   65536 B/op	       1 allocs/op
BenchmarkSliceOperations
BenchmarkSliceOperations/Append
BenchmarkSliceOperations/Append-8             	  136509	     10255 ns/op	   25208 B/op	      12 allocs/op
BenchmarkSliceOperations/PreAllocated
BenchmarkSliceOperations/PreAllocated-8       	 1711243	       708.4 ns/op	       0 B/op	       0 allocs/op
BenchmarkSliceOperations/DirectIndex
BenchmarkSliceOperations/DirectIndex-8        	 2957202	       404.6 ns/op	       0 B/op	       0 allocs/op
BenchmarkMapOperations
BenchmarkMapOperations/StringKeys
BenchmarkMapOperations/StringKeys-8           	    4176	    274782 ns/op	  135843 B/op	    1783 allocs/op
BenchmarkMapOperations/IntKeys
BenchmarkMapOperations/IntKeys-8              	   10000	    105183 ns/op	   86561 B/op	      64 allocs/op
BenchmarkMapOperations/PreAllocated
BenchmarkMapOperations/PreAllocated-8         	    6270	    188104 ns/op	   71081 B/op	    1746 allocs/op
BenchmarkStringOperations
BenchmarkStringOperations/Concatenation
BenchmarkStringOperations/Concatenation-8     	   39054	     30973 ns/op	   31551 B/op	     199 allocs/op
BenchmarkStringOperations/StringBuilder
BenchmarkStringOperations/StringBuilder-8     	   80823	     14851 ns/op	    3394 B/op	     106 allocs/op
BenchmarkCryptoOperations
BenchmarkCryptoOperations/RandomGeneration1024B
BenchmarkCryptoOperations/RandomGeneration1024B-8         	  126982	      9486 ns/op	    1024 B/op	       1 allocs/op
BenchmarkCryptoOperations/RandomGeneration4096B
BenchmarkCryptoOperations/RandomGeneration4096B-8         	   30402	     39391 ns/op	    4096 B/op	       1 allocs/op
BenchmarkCryptoOperations/RandomGeneration16384B
BenchmarkCryptoOperations/RandomGeneration16384B-8        	    7812	    155377 ns/op	   16384 B/op	       1 allocs/op
BenchmarkGoroutineCreation
BenchmarkGoroutineCreation/SimpleGoroutine
BenchmarkGoroutineCreation/SimpleGoroutine-8              	 1317601	       923.5 ns/op	     112 B/op	       2 allocs/op
BenchmarkGoroutineCreation/WorkerPool
BenchmarkGoroutineCreation/WorkerPool-8                   	 5360706	       210.7 ns/op	       0 B/op	       0 allocs/op
BenchmarkMemoryUsage
BenchmarkMemoryUsage/MemoryIntensive
BenchmarkMemoryUsage/MemoryIntensive-8                    	    2685	    438244 ns/op	         3.495 bytes/op	 1024008 B/op	    1000 allocs/op
BenchmarkConcurrentAccess
BenchmarkConcurrentAccess/ChannelCommunication
BenchmarkConcurrentAccess/ChannelCommunication-8          	11375576	       102.9 ns/op	       0 B/op	       0 allocs/op
PASS
ok  	github.com/elotusteam/microservice-project/tests/performance	36.863s
[0;32m[SUCCESS][0m Performance tests with profiling completed
[0;34m[INFO][0m Generating CPU profile report...
[0;34m[INFO][0m Running: CPU profile text report
Command: go tool pprof -text /Users/macbookpro2017/Documents/GitHub/elotusteam-alogth/hackathon/microservice-project/profiles/cpu.prof > /Users/macbookpro2017/Documents/GitHub/elotusteam-alogth/hackathon/microservice-project/profiles/cpu_profile.txt
[0;32m[SUCCESS][0m CPU profile text report completed
[0;34m[INFO][0m Running: CPU profile SVG report
Command: go tool pprof -svg /Users/macbookpro2017/Documents/GitHub/elotusteam-alogth/hackathon/microservice-project/profiles/cpu.prof > /Users/macbookpro2017/Documents/GitHub/elotusteam-alogth/hackathon/microservice-project/profiles/cpu_profile.svg
failed to execute dot. Is Graphviz installed? Error: exec: "dot": executable file not found in $PATH
[0;31m[ERROR][0m CPU profile SVG report failed
[0;34m[INFO][0m Generating memory profile report...
[0;34m[INFO][0m Running: Memory profile text report
Command: go tool pprof -text /Users/macbookpro2017/Documents/GitHub/elotusteam-alogth/hackathon/microservice-project/profiles/mem.prof > /Users/macbookpro2017/Documents/GitHub/elotusteam-alogth/hackathon/microservice-project/profiles/mem_profile.txt
[0;32m[SUCCESS][0m Memory profile text report completed
[0;34m[INFO][0m Running: Memory profile SVG report
Command: go tool pprof -svg /Users/macbookpro2017/Documents/GitHub/elotusteam-alogth/hackathon/microservice-project/profiles/mem.prof > /Users/macbookpro2017/Documents/GitHub/elotusteam-alogth/hackathon/microservice-project/profiles/mem_profile.svg
failed to execute dot. Is Graphviz installed? Error: exec: "dot": executable file not found in $PATH
[0;31m[ERROR][0m Memory profile SVG report failed
[0;34m[INFO][0m Analyzing performance metrics...
[0;32m[SUCCESS][0m Performance analysis report generated: /Users/macbookpro2017/Documents/GitHub/elotusteam-alogth/hackathon/microservice-project/profiles/performance_analysis.md
[0;34m[INFO][0m Checking for common performance issues...
[1;33m[WARNING][0m High CPU usage detected in some functions (>10%)
[1;33m[WARNING][0m Large memory allocations detected (>10MB)
[1;33m[WARNING][0m Performance issues detected. Review the analysis report for details.
[0;35m[STAGE][0m Generating Pipeline Report
[0;32m[SUCCESS][0m Pipeline report generated: /Users/macbookpro2017/Documents/GitHub/elotusteam-alogth/hackathon/microservice-project/.local-cicd-logs/report_20250803_152125.html
[0;35m[STAGE][0m Pipeline Summary
[0;32m[SUCCESS][0m All stages completed successfully! ✅
[0;34m[INFO][0m Next steps:
